2026-06-29 14:00:12 - INFO - Food Delivery Management System Started
2026-06-29 14:00:20 - INFO - User Added Successfully
2026-06-29 14:01:05 - INFO - Customer Added Successfully
2026-06-29 14:02:10 - INFO - Restaurant Added Successfully
2026-06-29 14:03:15 - INFO - Food Added Successfully
2026-06-29 14:04:28 - INFO - Order Added Successfully
2026-06-29 14:05:10 - INFO - Order Item Added Successfully
2026-06-29 14:06:02 - INFO - Payment Added Successfully
2026-06-29 14:07:15 - INFO - User Login Successful
2026-06-29 14:07:16 - INFO - JWT Token Generated Successfully
2026-06-29 14:07:17 - INFO - JWT Token Verified Successfully
2026-06-29 14:08:20 - INFO - Customer Updated Successfully
2026-06-29 14:09:15 - INFO - Food Updated Successfully
2026-06-29 14:10:05 - INFO - Order Updated Successfully
2026-06-29 14:11:30 - INFO - Payment Updated Successfully
2026-06-29 14:12:40 - INFO - Customer Deleted Successfully
2026-06-29 14:13:55 - INFO - Application Closed Successfully2026-06-30 10:12:57,429 - INFO - package: mysql.connector.plugins
2026-06-30 10:12:57,430 - INFO - plugin_name: caching_sha2_password
2026-06-30 10:12:57,430 - INFO - AUTHENTICATION_PLUGIN_CLASS: MySQLCachingSHA2PasswordAuthPlugin
2026-06-30 10:15:33,999 - INFO - package: mysql.connector.plugins
2026-06-30 10:15:34,000 - INFO - plugin_name: caching_sha2_password
2026-06-30 10:15:34,000 - INFO - AUTHENTICATION_PLUGIN_CLASS: MySQLCachingSHA2PasswordAuthPlugin
2026-06-30 10:15:34,005 - ERROR - 1452 (23000): Cannot add or update a child row: a foreign key constraint fails (`food_delivery_db`.`customer`, CONSTRAINT `customer_ibfk_1` FOREIGN KEY (`user_id`) REFERENCES `users` (`user_id`))
2026-06-30 10:20:29,431 - ERROR - 1452 (23000): Cannot add or update a child row: a foreign key constraint fails (`food_delivery_db`.`customer`, CONSTRAINT `customer_ibfk_1` FOREIGN KEY (`user_id`) REFERENCES `users` (`user_id`))
2026-06-30 10:21:40,107 - ERROR - 1452 (23000): Cannot add or update a child row: a foreign key constraint fails (`food_delivery_db`.`customer`, CONSTRAINT `customer_ibfk_1` FOREIGN KEY (`user_id`) REFERENCES `users` (`user_id`))
2026-06-30 10:22:04,072 - ERROR - 1452 (23000): Cannot add or update a child row: a foreign key constraint fails (`food_delivery_db`.`customer`, CONSTRAINT `customer_ibfk_1` FOREIGN KEY (`user_id`) REFERENCES `users` (`user_id`))
2026-07-13 09:12:09,308 - INFO - package: mysql.connector.plugins
2026-07-13 09:12:09,309 - INFO - plugin_name: caching_sha2_password
2026-07-13 09:12:09,309 - INFO - AUTHENTICATION_PLUGIN_CLASS: MySQLCachingSHA2PasswordAuthPlugin
2026-07-13 09:50:40,457 - INFO - package: mysql.connector.plugins
2026-07-13 09:50:40,457 - INFO - plugin_name: caching_sha2_password
2026-07-13 09:50:40,457 - INFO - AUTHENTICATION_PLUGIN_CLASS: MySQLCachingSHA2PasswordAuthPlugin
2026-07-13 10:25:01,150 - INFO - package: mysql.connector.plugins
2026-07-13 10:25:01,150 - INFO - plugin_name: caching_sha2_password
2026-07-13 10:25:01,150 - INFO - AUTHENTICATION_PLUGIN_CLASS: MySQLCachingSHA2PasswordAuthPlugin
2026-07-13 11:12:34,260 - INFO - package: mysql.connector.plugins
2026-07-13 11:12:34,260 - INFO - plugin_name: caching_sha2_password
2026-07-13 11:12:34,260 - INFO - AUTHENTICATION_PLUGIN_CLASS: MySQLCachingSHA2PasswordAuthPlugin
2026-07-13 15:39:25,288 - INFO - package: mysql.connector.plugins
2026-07-13 15:39:25,288 - INFO - plugin_name: caching_sha2_password
2026-07-13 15:39:25,289 - INFO - AUTHENTICATION_PLUGIN_CLASS: MySQLCachingSHA2PasswordAuthPlugin
2026-07-13 15:55:29,348 - INFO - package: mysql.connector.plugins
2026-07-13 15:55:29,349 - INFO - plugin_name: caching_sha2_password
2026-07-13 15:55:29,349 - INFO - AUTHENTICATION_PLUGIN_CLASS: MySQLCachingSHA2PasswordAuthPlugin
